2015-12-16 17:11:15,673 INFO  [Log] ######################################################################## 
2015-12-16 17:11:15,673 INFO  [Log] ###################       Login_001      ######################## 
2015-12-16 17:11:15,673 INFO  [Log] ######################################################################## 
2015-12-16 17:11:15,673 INFO  [Log] Open Firefox browser 
2015-12-16 17:11:35,683 INFO  [Log] Set Implicite wait as 10 Seconds 
2015-12-16 17:11:41,685 INFO  [Log] Maximize browser window 
2015-12-16 17:11:46,045 INFO  [Log] Navigate to URL :  http://demo.silverstripe.org/Security/login 
2015-12-16 17:11:50,557 INFO  [Log] Enter Text : german in field : txt_username 
2015-12-16 17:11:50,853 INFO  [Log] Enter Text : password in field : txt_password 
2015-12-16 17:11:51,649 INFO  [Log] Click button : btn_login 
2015-12-16 17:11:54,365 INFO  [Log] Wait for 5 Seconds 
2015-12-16 17:11:59,424 INFO  [Log] Quit driver session 
2015-12-16 17:12:01,750 INFO  [Log] ######################################################################## 
2015-12-16 17:12:01,750 INFO  [Log] ###################       +E     N     D+        ####################### 
2015-12-16 17:12:01,750 INFO  [Log] ######################################################################## 
2015-12-16 17:12:01,750 INFO  [Log] ######################################################################## 
2015-12-16 17:12:01,750 INFO  [Log] ###################       Login_002      ######################## 
2015-12-16 17:12:01,750 INFO  [Log] ######################################################################## 
2015-12-16 17:12:01,750 INFO  [Log] Open Firefox browser 
2015-12-16 17:12:07,258 INFO  [Log] Set Implicite wait as 10 Seconds 
2015-12-16 17:12:14,029 INFO  [Log] Maximize browser window 
2015-12-16 17:12:14,253 INFO  [Log] Navigate to URL :  http://demo.silverstripe.org/Security/login 
2015-12-16 17:12:19,531 INFO  [Log] Enter Text : Arabic in field : txt_username 
2015-12-16 17:12:19,728 INFO  [Log] Enter Text : password in field : txt_password 
2015-12-16 17:12:20,327 INFO  [Log] Click button : btn_login 
2015-12-16 17:12:22,958 INFO  [Log] Wait for 5 Seconds 
2015-12-16 17:12:28,001 INFO  [Log] Quit driver session 
2015-12-16 17:12:28,344 INFO  [Log] ######################################################################## 
2015-12-16 17:12:28,344 INFO  [Log] ###################       +E     N     D+        ####################### 
2015-12-16 17:12:28,344 INFO  [Log] ######################################################################## 
